# JRE version: Java(TM) SE Runtime Environment (8.0_77-b03) (build 1.8.0_77-b03)
# Java VM: Java HotSpot(TM) 64-Bit Server VM (25.77-b03 mixed mode windows-amd64 compressed oops)
Heap:
 PSYoungGen      total 141824K, used 138543K [0x000000076b180000, 0x0000000774680000, 0x00000007c0000000)
  eden space 131072K, 97% used [0x000000076b180000,0x0000000772e52e20,0x0000000773180000)
  from space 10752K, 99% used [0x0000000773c00000,0x0000000774679150,0x0000000774680000)
  to   space 10752K, 0% used [0x0000000773180000,0x0000000773180000,0x0000000773c00000)
 ParOldGen       total 175104K, used 2704K [0x00000006c1400000, 0x00000006cbf00000, 0x000000076b180000)
  object space 175104K, 1% used [0x00000006c1400000,0x00000006c16a4000,0x00000006cbf00000)
 Metaspace       used 13222K, capacity 13433K, committed 13824K, reserved 1062912K
  class space    used 1105K, capacity 1206K, committed 1280K, reserved 1048576K
GC Heap History (8 events):
Event: 5.458 GC heap before
{Heap before GC invocations=1 (full 0):
 PSYoungGen      total 76288K, used 65536K [0x000000076b180000, 0x0000000770680000, 0x00000007c0000000)
  eden space 65536K, 100% used [0x000000076b180000,0x000000076f180000,0x000000076f180000)
  from space 10752K, 0% used [0x000000076fc00000,0x000000076fc00000,0x0000000770680000)
  to   space 10752K, 0% used [0x000000076f180000,0x000000076f180000,0x000000076fc00000)
 ParOldGen       total 175104K, used 0K [0x00000006c1400000, 0x00000006cbf00000, 0x000000076b180000)
  object space 175104K, 0% used [0x00000006c1400000,0x00000006c1400000,0x00000006cbf00000)
 Metaspace       used 13025K, capacity 13273K, committed 13568K, reserved 1060864K
  class space    used 1096K, capacity 1174K, committed 1280K, reserved 1048576K
Event: 5.464 GC heap after
Heap after GC invocations=1 (full 0):
 PSYoungGen      total 76288K, used 6603K [0x000000076b180000, 0x0000000770680000, 0x00000007c0000000)
  eden space 65536K, 0% used [0x000000076b180000,0x000000076b180000,0x000000076f180000)
  from space 10752K, 61% used [0x000000076f180000,0x000000076f7f2f10,0x000000076fc00000)
  to   space 10752K, 0% used [0x000000076fc00000,0x000000076fc00000,0x0000000770680000)
 ParOldGen       total 175104K, used 24K [0x00000006c1400000, 0x00000006cbf00000, 0x000000076b180000)
  object space 175104K, 0% used [0x00000006c1400000,0x00000006c1406000,0x00000006cbf00000)
 Metaspace       used 13025K, capacity 13273K, committed 13568K, reserved 1060864K
  class space    used 1096K, capacity 1174K, committed 1280K, reserved 1048576K
}
Event: 5.584 GC heap before
{Heap before GC invocations=2 (full 0):
 PSYoungGen      total 76288K, used 72139K [0x000000076b180000, 0x0000000770680000, 0x00000007c0000000)
  eden space 65536K, 100% used [0x000000076b180000,0x000000076f180000,0x000000076f180000)
  from space 10752K, 61% used [0x000000076f180000,0x000000076f7f2f10,0x000000076fc00000)
  to   space 10752K, 0% used [0x000000076fc00000,0x000000076fc00000,0x0000000770680000)
 ParOldGen       total 175104K, used 24K [0x00000006c1400000, 0x00000006cbf00000, 0x000000076b180000)
  object space 175104K, 0% used [0x00000006c1400000,0x00000006c1406000,0x00000006cbf00000)
 Metaspace       used 13040K, capacity 13273K, committed 13568K, reserved 1060864K
  class space    used 1096K, capacity 1174K, committed 1280K, reserved 1048576K
Event: 5.589 GC heap after
Heap after GC invocations=2 (full 0):
 PSYoungGen      total 76288K, used 6913K [0x000000076b180000, 0x0000000774680000, 0x00000007c0000000)
  eden space 65536K, 0% used [0x000000076b180000,0x000000076b180000,0x000000076f180000)
  from space 10752K, 64% used [0x000000076fc00000,0x00000007702c04c0,0x0000000770680000)
  to   space 10752K, 0% used [0x000000076f180000,0x000000076f180000,0x000000076fc00000)
 ParOldGen       total 175104K, used 32K [0x00000006c1400000, 0x00000006cbf00000, 0x000000076b180000)
  object space 175104K, 0% used [0x00000006c1400000,0x00000006c1408000,0x00000006cbf00000)
 Metaspace       used 13040K, capacity 13273K, committed 13568K, reserved 1060864K
  class space    used 1096K, capacity 1174K, committed 1280K, reserved 1048576K
}
Event: 5.738 GC heap before
{Heap before GC invocations=3 (full 0):
 PSYoungGen      total 76288K, used 72449K [0x000000076b180000, 0x0000000774680000, 0x00000007c0000000)
  eden space 65536K, 100% used [0x000000076b180000,0x000000076f180000,0x000000076f180000)
  from space 10752K, 64% used [0x000000076fc00000,0x00000007702c04c0,0x0000000770680000)
  to   space 10752K, 0% used [0x000000076f180000,0x000000076f180000,0x000000076fc00000)
 ParOldGen       total 175104K, used 32K [0x00000006c1400000, 0x00000006cbf00000, 0x000000076b180000)
  object space 175104K, 0% used [0x00000006c1400000,0x00000006c1408000,0x00000006cbf00000)
 Metaspace       used 13040K, capacity 13273K, committed 13568K, reserved 1060864K
  class space    used 1096K, capacity 1174K, committed 1280K, reserved 1048576K
Event: 5.751 GC heap after
Heap after GC invocations=3 (full 0):
 PSYoungGen      total 76288K, used 10516K [0x000000076b180000, 0x0000000774680000, 0x00000007c0000000)
  eden space 65536K, 0% used [0x000000076b180000,0x000000076b180000,0x000000076f180000)
  from space 10752K, 97% used [0x000000076f180000,0x000000076fbc5250,0x000000076fc00000)
  to   space 10752K, 0% used [0x0000000773c00000,0x0000000773c00000,0x0000000774680000)
 ParOldGen       total 175104K, used 32K [0x00000006c1400000, 0x00000006cbf00000, 0x000000076b180000)
  object space 175104K, 0% used [0x00000006c1400000,0x00000006c1408000,0x00000006cbf00000)
 Metaspace       used 13040K, capacity 13273K, committed 13568K, reserved 1060864K
  class space    used 1096K, capacity 1174K, committed 1280K, reserved 1048576K
}
Event: 11.636 GC heap before
{Heap before GC invocations=4 (full 0):
 PSYoungGen      total 76288K, used 76052K [0x000000076b180000, 0x0000000774680000, 0x00000007c0000000)
  eden space 65536K, 100% used [0x000000076b180000,0x000000076f180000,0x000000076f180000)
  from space 10752K, 97% used [0x000000076f180000,0x000000076fbc5250,0x000000076fc00000)
  to   space 10752K, 0% used [0x0000000773c00000,0x0000000773c00000,0x0000000774680000)
 ParOldGen       total 175104K, used 32K [0x00000006c1400000, 0x00000006cbf00000, 0x000000076b180000)
  object space 175104K, 0% used [0x00000006c1400000,0x00000006c1408000,0x00000006cbf00000)
 Metaspace       used 13113K, capacity 13337K, committed 13568K, reserved 1060864K
  class space    used 1097K, capacity 1174K, committed 1280K, reserved 1048576K
Event: 11.646 GC heap after
Heap after GC invocations=4 (full 0):
 PSYoungGen      total 141824K, used 10724K [0x000000076b180000, 0x0000000774680000, 0x00000007c0000000)
  eden space 131072K, 0% used [0x000000076b180000,0x000000076b180000,0x0000000773180000)
  from space 10752K, 99% used [0x0000000773c00000,0x0000000774679150,0x0000000774680000)
  to   space 10752K, 0% used [0x0000000773180000,0x0000000773180000,0x0000000773c00000)
 ParOldGen       total 175104K, used 2704K [0x00000006c1400000, 0x00000006cbf00000, 0x000000076b180000)
  object space 175104K, 1% used [0x00000006c1400000,0x00000006c16a4000,0x00000006cbf00000)
 Metaspace       used 13113K, capacity 13337K, committed 13568K, reserved 1060864K
  class space    used 1097K, capacity 1174K, committed 1280K, reserved 1048576K
}

